Arguments: 
  C:\Program Files\nodejs\node.exe C:\Program Files (x86)\Yarn\bin\yarn.js

PATH: 
  C:\Program Files (x86)\Common Files\Oracle\Java\javapath;C:\Windows\system32;C:\Windows;C:\Windows\System32\Wbem;C:\Windows\System32\WindowsPowerShell\v1.0\;C:\Windows\System32\OpenSSH\;C:\Users\Metanet-71\AppData\Roaming\nvm;C:\Program Files\nodejs;C:\Program Files\Git\cmd;C:\ProgramData\chocolatey\bin;C:\Program Files (x86)\Yarn\bin\;C:\Program Files\TortoiseSVN\bin;C:\Users\Metanet-71\AppData\Local\Microsoft\WindowsApps;C:\Users\Metanet-71\AppData\Roaming\npm;C:\Users\Metanet-71\AppData\Roaming\nvm;C:\Program Files\nodejs;C:\Users\Metanet-71\AppData\Local\Yarn\bin;C:\Users\Metanet-71\AppData\Local\Programs\Microsoft VS Code\bin;C:\apache-maven-3.6.3\bin;

Yarn version: 
  1.22.0

Node version: 
  12.16.1

Platform: 
  win32 x64

Trace: 
  Error: EPERM: operation not permitted, unlink 'D:\Projects\kendo_ui_demo\kendo_ui_demo\node_modules\node-sass\vendor\win32-x64-72\binding.node'

npm manifest: 
  {
    "name": "kendo-react-template-app",
    "version": "0.1.0",
    "private": true,
    "dependencies": {
      "@progress/kendo-data-query": "latest",
      "@progress/kendo-drawing": "latest",
      "@progress/kendo-react-animation": "^3.14.0",
      "@progress/kendo-react-charts": "^3.14.0",
      "@progress/kendo-react-data-tools": "^3.14.0",
      "@progress/kendo-react-dateinputs": "^3.14.0",
      "@progress/kendo-react-dialogs": "^3.14.0",
      "@progress/kendo-react-dropdowns": "^3.14.0",
      "@progress/kendo-react-form": "^3.14.0",
      "@progress/kendo-react-grid": "^3.14.0",
      "@progress/kendo-react-inputs": "^3.14.0",
      "@progress/kendo-react-intl": "^3.14.0",
      "@progress/kendo-react-layout": "^3.14.0",
      "@progress/kendo-react-popup": "^3.14.0",
      "@progress/kendo-react-progressbars": "^3.14.0",
      "@progress/kendo-react-tooltip": "^3.14.0",
      "@progress/kendo-theme-default": "^4.9.0",
      "antd": "^4.7.3",
      "bootstrap": "^4.3.1",
      "hammerjs": "^2.0.8",
      "node-sass": "^4.12.0",
      "react": "^16.9.0",
      "react-dom": "^16.9.0",
      "react-redux": "^7.2.1",
      "react-router-dom": "^5.1.0",
      "react-scripts": "3.1.1",
      "redux": "^4.0.5",
      "redux-actions": "^2.6.5",
      "reselect": "^4.0.0"
    },
    "scripts": {
      "start": "react-scripts start",
      "build": "react-scripts build",
      "test": "react-scripts test",
      "eject": "react-scripts eject"
    },
    "eslintConfig": {
      "extends": "react-app"
    },
    "browserslist": {
      "production": [
        ">0.2%",
        "not dead",
        "not op_mini all"
      ],
      "development": [
        "last 1 chrome version",
        "last 1 firefox version",
        "last 1 safari version"
      ]
    }
  }

yarn manifest: 
  No manifest

Lockfile: 
  No lockfile
